<?xml version="1.0" encoding="UTF-8"?>
<!-- Generated by org.testng.reporters.JUnitXMLReporter -->
<testsuite ignored="0" hostname="DESKTOP-M0OP5BU" failures="0" tests="6" name="Test" time="51.476" errors="0" timestamp="2024-05-27T09:24:33 IST">
  <testcase classname="TestNgFashion.Ajio" name="ajio" time="9.323"/>
  <testcase classname="TestNgFashion.Kalki" name="kalki" time="4.757"/>
  <testcase classname="TestNgFashion.DemoWebSHop" name="demowebshop" time="5.143"/>
  <testcase classname="TestNgTravel.AbhiBus" name="abhibus" time="14.568"/>
  <testcase classname="TestNgTravel.RedBus" name="redbus" time="3.705"/>
  <testcase classname="TestNgTravel.MakeMyTrip" name="makemytrip" time="13.894"/>
</testsuite> <!-- Test -->
